[2026-01-17 21:49:09] hello
[2026-01-17 21:49:09] Thank you!
[2026-01-17 21:49:09] Test Reply from CLI
[2026-01-17 21:49:42] test
[2026-01-17 21:53:59] Thank you
[2026-01-17 22:00:44] hello
[2026-01-17 22:00:59] Thank you!
[2026-01-17 22:00:59] Test Reply from CLI
[2026-01-17 22:01:00] test
[2026-01-17 22:01:00] Thank you
[2026-01-17 22:01:05] test
[2026-01-17 22:03:18] hello
[2026-01-17 22:03:19] Thank you!
[2026-01-17 22:03:20] Test Reply from CLI
[2026-01-17 22:03:20] test
[2026-01-17 22:03:21] Thank you
[2026-01-17 22:03:21] test
[2026-01-17 22:03:34] test1
[2026-01-17 22:05:36] hello
[2026-01-17 22:05:50] Thank you!
[2026-01-17 22:05:54] Test Reply from CLI
[2026-01-17 22:06:03] test
[2026-01-17 22:06:21] Thank you
[2026-01-17 22:06:40] test
[2026-01-17 22:06:58] test1
[2026-01-17 22:07:27] hello
[2026-01-17 22:07:29] Thank you!
[2026-01-17 22:07:29] Test Reply from CLI
[2026-01-17 22:07:30] test
[2026-01-17 22:07:30] Thank you
[2026-01-17 22:07:30] test
[2026-01-17 22:07:31] test1
[2026-01-17 22:07:54] hello
[2026-01-17 22:07:59] Thank you!
[2026-01-17 22:07:59] Test Reply from CLI
[2026-01-17 22:08:15] test
[2026-01-17 22:08:30] Thank you
[2026-01-17 22:11:36] new reply!
[2026-01-17 22:17:08] test to desktop
